<?xml version="1.0" encoding="UTF-8"?>
<!-- Generated by org.testng.reporters.JUnitReportReporter -->
<testsuite skipped="0" hostname="Aaas-MacBook-Pro.local" name="HamcrestExampleTests" tests="1" failures="0" timestamp="2022-02-18T20:43:21 IST" time="0.022" errors="0">
  <testcase name="demoHamcrest" time="0.022" classname="HamcrestExampleTests"/>
  <system-out/>
</testsuite> <!-- HamcrestExampleTests -->
