<?xml version="1.0" encoding="UTF-8"?>
<!-- Generated by org.testng.reporters.JUnitReportReporter -->
<testsuite skipped="0" hostname="Aaas-MBP" name="Tests_GET" tests="1" failures="0" timestamp="2022-02-18T02:22:10 IST" time="3.994" errors="0">
  <testcase name="test_01" time="3.994" classname="Tests_GET"/>
  <system-out/>
</testsuite> <!-- Tests_GET -->
