<?xml version="1.0" encoding="UTF-8"?>
<!-- Generated by org.testng.reporters.JUnitReportReporter -->
<testsuite skipped="0" hostname="Aaas-MacBook-Pro.local" name="HamcrestExample2Tets" tests="1" failures="0" timestamp="2022-02-18T02:12:27 IST" time="0.022" errors="0">
  <testcase name="demo2Hamcrest" time="0.022" classname="HamcrestExample2Tets"/>
  <system-out/>
</testsuite> <!-- HamcrestExample2Tets -->
