<?xml version="1.0" encoding="UTF-8"?>
<!-- Generated by org.testng.reporters.JUnitReportReporter -->
<testsuite skipped="0" hostname="Aaas-MacBook-Pro.local" name="HamcrestExample3Test" tests="1" failures="0" timestamp="2022-02-22T20:49:55 IST" time="3.914" errors="0">
  <testcase name="TestGoodExample" time="3.914" classname="HamcrestExample3Test"/>
  <system-out/>
</testsuite> <!-- HamcrestExample3Test -->
