<?xml version="1.0" encoding="UTF-8"?>
<!-- Generated by org.testng.reporters.JUnitReportReporter -->
<testsuite skipped="0" hostname="Aaas-MacBook-Pro.local" name="DataDrivenExample1" tests="2" failures="0" timestamp="2022-02-23T01:14:13 IST" time="2.920" errors="0">
  <testcase name="test_post" time="0.068" classname="DataDrivenExample1"/>
  <system-out/>
  <testcase name="test_post" time="2.852" classname="DataDrivenExample1"/>
  <system-out/>
</testsuite> <!-- DataDrivenExample1 -->
