<?xml version="1.0" encoding="UTF-8"?>
<!-- Generated by org.testng.reporters.JUnitReportReporter -->
<testsuite skipped="0" hostname="Aaas-MBP" name="TestObjectDataExtract" tests="1" failures="0" timestamp="2022-02-18T02:24:53 IST" time="3.326" errors="0">
  <testcase name="test_get" time="3.326" classname="TestObjectDataExtract"/>
  <system-out/>
</testsuite> <!-- TestObjectDataExtract -->
