<?xml version="1.0" encoding="UTF-8"?>
<!-- Generated by org.testng.reporters.JUnitReportReporter -->
<testsuite skipped="0" hostname="Aaas-MBP" name="Test01_GET" tests="2" failures="0" timestamp="2022-02-18T02:23:39 IST" time="4.491" errors="0">
  <testcase name="test_01" time="2.958" classname="Test01_GET"/>
  <system-out/>
  <testcase name="test_02" time="1.533" classname="Test01_GET"/>
  <system-out/>
</testsuite> <!-- Test01_GET -->
