<?xml version="1.0" encoding="UTF-8"?>
<!-- Generated by org.testng.reporters.JUnitReportReporter -->
<testsuite skipped="0" hostname="Aaas-MacBook-Pro.local" name="Test_Post" tests="1" failures="0" timestamp="2022-02-16T20:35:28 IST" time="3.047" errors="0">
  <testcase name="test_patch01" time="3.047" classname="Test_Post"/>
  <system-out/>
</testsuite> <!-- Test_Post -->
