<?xml version="1.0" encoding="UTF-8"?>
<!-- Generated by org.testng.reporters.JUnitReportReporter -->
<testsuite skipped="0" hostname="Aaas-MBP" name="Examples" tests="1" failures="0" timestamp="2022-02-18T02:24:09 IST" time="2.338" errors="0">
  <testcase name="test_post" time="2.338" classname="Examples"/>
  <system-out/>
</testsuite> <!-- Examples -->
